
  .   ____          _            __ _ _
 /\\ / ___'_ __ _ _(_)_ __  __ _ \ \ \ \
( ( )\___ | '_ | '_| | '_ \/ _` | \ \ \ \
 \\/  ___)| |_)| | | | | || (_| |  ) ) ) )
  '  |____| .__|_| |_|_| |_\__, | / / / /
 =========|_|==============|___/=/_/_/_/

 :: Spring Boot ::                (v3.5.5)

2025-09-01 16:50:01 [main] INFO  [trace=N/A] c.m.c.CooperativeProposalsApplication - Starting CooperativeProposalsApplication v0.0.1-SNAPSHOT using Java 21.0.2 with PID 39945 (/Users/alinekimymiyazaki/workspace/CooperativeGuidelines/build/libs/CooperativeProposals-0.0.1-SNAPSHOT.jar started by alinekimymiyazaki in /Users/alinekimymiyazaki/workspace/CooperativeGuidelines)
2025-09-01 16:50:01 [main] DEBUG [trace=N/A] c.m.c.CooperativeProposalsApplication - Running with Spring Boot v3.5.5, Spring v6.2.10
2025-09-01 16:50:01 [main] INFO  [trace=N/A] c.m.c.CooperativeProposalsApplication - No active profile set, falling back to 1 default profile: "default"
2025-09-01 16:50:02 [main] INFO  [trace=N/A] o.s.d.r.c.RepositoryConfigurationDelegate - Bootstrapping Spring Data JPA repositories in DEFAULT mode.
2025-09-01 16:50:02 [main] INFO  [trace=N/A] o.s.d.r.c.RepositoryConfigurationDelegate - Finished Spring Data repository scanning in 38 ms. Found 3 JPA repository interfaces.
2025-09-01 16:50:02 [main] INFO  [trace=N/A] o.s.cloud.context.scope.GenericScope - BeanFactory id=1ac9da1f-29e0-3d28-a578-ec42311af849
2025-09-01 16:50:02 [main] INFO  [trace=N/A] o.s.b.w.e.tomcat.TomcatWebServer - Tomcat initialized with port 8080 (http)
2025-09-01 16:50:02 [main] INFO  [trace=N/A] o.a.catalina.core.StandardService - Starting service [Tomcat]
2025-09-01 16:50:02 [main] INFO  [trace=N/A] o.a.catalina.core.StandardEngine - Starting Servlet engine: [Apache Tomcat/10.1.44]
2025-09-01 16:50:02 [main] INFO  [trace=N/A] o.a.c.c.C.[.[localhost].[/api/v1] - Initializing Spring embedded WebApplicationContext
2025-09-01 16:50:02 [main] INFO  [trace=N/A] o.s.b.w.s.c.ServletWebServerApplicationContext - Root WebApplicationContext: initialization completed in 1622 ms
2025-09-01 16:50:03 [main] DEBUG [trace=N/A] c.m.c.filter.RequestTraceFilter - Filter 'requestTraceFilter' configured for use
2025-09-01 16:50:03 [main] INFO  [trace=N/A] com.zaxxer.hikari.HikariDataSource - HikariPool-1 - Starting...
2025-09-01 16:50:03 [main] INFO  [trace=N/A] com.zaxxer.hikari.pool.HikariPool - HikariPool-1 - Added connection org.postgresql.jdbc.PgConnection@44384b4a
2025-09-01 16:50:03 [main] INFO  [trace=N/A] com.zaxxer.hikari.HikariDataSource - HikariPool-1 - Start completed.
2025-09-01 16:50:03 [main] INFO  [trace=N/A] org.flywaydb.core.FlywayExecutor - Database: jdbc:postgresql://localhost:5432/cooperative_proposals (PostgreSQL 16.10)
2025-09-01 16:50:03 [main] INFO  [trace=N/A] o.f.core.internal.command.DbValidate - Successfully validated 2 migrations (execution time 00:00.034s)
2025-09-01 16:50:03 [main] INFO  [trace=N/A] o.f.core.internal.command.DbMigrate - Current version of schema "public": 2
2025-09-01 16:50:03 [main] INFO  [trace=N/A] o.f.core.internal.command.DbMigrate - Schema "public" is up to date. No migration necessary.
2025-09-01 16:50:03 [main] INFO  [trace=N/A] o.h.jpa.internal.util.LogHelper - HHH000204: Processing PersistenceUnitInfo [name: default]
2025-09-01 16:50:04 [main] INFO  [trace=N/A] org.hibernate.Version - HHH000412: Hibernate ORM core version 6.6.26.Final
2025-09-01 16:50:04 [main] INFO  [trace=N/A] o.h.c.i.RegionFactoryInitiator - HHH000026: Second-level cache disabled
2025-09-01 16:50:05 [main] INFO  [trace=N/A] o.s.o.j.p.SpringPersistenceUnitInfo - No LoadTimeWeaver setup: ignoring JPA class transformer
2025-09-01 16:50:05 [main] INFO  [trace=N/A] o.hibernate.orm.connections.pooling - HHH10001005: Database info:
	Database JDBC URL [Connecting through datasource 'HikariDataSource (HikariPool-1)']
	Database driver: undefined/unknown
	Database version: 16.10
	Autocommit mode: undefined/unknown
	Isolation level: undefined/unknown
	Minimum pool size: undefined/unknown
	Maximum pool size: undefined/unknown
2025-09-01 16:50:07 [main] INFO  [trace=N/A] o.h.e.t.j.p.i.JtaPlatformInitiator - HHH000489: No JTA platform available (set 'hibernate.transaction.jta.platform' to enable JTA platform integration)
2025-09-01 16:50:07 [main] INFO  [trace=N/A] o.s.o.j.LocalContainerEntityManagerFactoryBean - Initialized JPA EntityManagerFactory for persistence unit 'default'
2025-09-01 16:50:09 [main] INFO  [trace=N/A] o.s.d.j.r.query.QueryEnhancerFactory - Hibernate is in classpath; If applicable, HQL parser will be used.
2025-09-01 16:50:09 [main] WARN  [trace=N/A] o.s.b.a.o.j.JpaBaseConfiguration$JpaWebConfiguration - spring.jpa.open-in-view is enabled by default. Therefore, database queries may be performed during view rendering. Explicitly configure spring.jpa.open-in-view to disable this warning
2025-09-01 16:50:10 [main] DEBUG [trace=N/A] o.s.w.s.m.m.a.RequestMappingHandlerMapping - 15 mappings in 'requestMappingHandlerMapping'
2025-09-01 16:50:10 [main] DEBUG [trace=N/A] o.s.w.s.h.SimpleUrlHandlerMapping - Patterns [/webjars/**, /**, /swagger-ui*/*swagger-initializer.js, /swagger-ui*/**] in 'resourceHandlerMapping'
2025-09-01 16:50:10 [main] DEBUG [trace=N/A] o.s.w.s.m.m.a.RequestMappingHandlerAdapter - ControllerAdvice beans: 0 @ModelAttribute, 0 @InitBinder, 1 RequestBodyAdvice, 1 ResponseBodyAdvice
2025-09-01 16:50:10 [main] DEBUG [trace=N/A] o.s.w.s.m.m.a.ExceptionHandlerExceptionResolver - ControllerAdvice beans: 2 @ExceptionHandler, 1 ResponseBodyAdvice
2025-09-01 16:50:11 [main] INFO  [trace=N/A] o.s.b.w.e.tomcat.TomcatWebServer - Tomcat started on port 8080 (http) with context path '/api/v1'
2025-09-01 16:50:11 [main] INFO  [trace=N/A] o.s.a.r.c.CachingConnectionFactory - Attempting to connect to: [localhost:5672]
2025-09-01 16:50:12 [main] INFO  [trace=N/A] o.s.a.r.c.CachingConnectionFactory - Created new connection: rabbitConnectionFactory#38447073:0/SimpleConnection@2b778004 [delegate=amqp://coop-guest@127.0.0.1:5672/, localPort=62594]
2025-09-01 16:50:13 [main] INFO  [trace=N/A] c.m.c.CooperativeProposalsApplication - Started CooperativeProposalsApplication in 12.424 seconds (process running for 12.996)
2025-09-01 16:50:23 [SpringApplicationShutdownHook] INFO  [trace=N/A] c.m.c.config.ShutdownConfig - Application context is closing...
2025-09-01 16:50:24 [org.springframework.amqp.rabbit.RabbitListenerEndpointContainer#0-2] INFO  [trace=N/A] o.s.a.r.l.SimpleMessageListenerContainer - Waiting for workers to finish.
2025-09-01 16:50:24 [org.springframework.amqp.rabbit.RabbitListenerEndpointContainer#0-2] INFO  [trace=N/A] o.s.a.r.l.SimpleMessageListenerContainer - Successfully waited for workers to finish.
2025-09-01 16:50:24 [SpringApplicationShutdownHook] INFO  [trace=N/A] o.s.b.w.e.tomcat.GracefulShutdown - Commencing graceful shutdown. Waiting for active requests to complete
2025-09-01 16:50:24 [tomcat-shutdown] INFO  [trace=N/A] o.s.b.w.e.tomcat.GracefulShutdown - Graceful shutdown complete
2025-09-01 16:50:24 [SpringApplicationShutdownHook] INFO  [trace=N/A] c.m.c.r.consumer.SessionConsumer - SessionConsumer is shutting down...
2025-09-01 16:50:24 [SpringApplicationShutdownHook] INFO  [trace=N/A] c.m.c.r.consumer.SessionConsumer - SessionConsumer shutdown completed
2025-09-01 16:50:24 [SpringApplicationShutdownHook] INFO  [trace=N/A] c.m.c.config.ShutdownConfig - Application context is closing...
2025-09-01 16:50:24 [SpringApplicationShutdownHook] INFO  [trace=N/A] c.m.c.config.ShutdownConfig - Application is shutting down gracefully...
2025-09-01 16:50:25 [SpringApplicationShutdownHook] INFO  [trace=N/A] c.m.c.config.ShutdownConfig - Shutdown process completed
2025-09-01 16:50:25 [SpringApplicationShutdownHook] INFO  [trace=N/A] o.s.o.j.LocalContainerEntityManagerFactoryBean - Closing JPA EntityManagerFactory for persistence unit 'default'
2025-09-01 16:50:25 [SpringApplicationShutdownHook] INFO  [trace=N/A] com.zaxxer.hikari.HikariDataSource - HikariPool-1 - Shutdown initiated...
2025-09-01 16:50:25 [SpringApplicationShutdownHook] INFO  [trace=N/A] com.zaxxer.hikari.HikariDataSource - HikariPool-1 - Shutdown completed.
